<?xml version="1.0" encoding="UTF-8"?>
<testsuite xmlns:xsi="http://www.w3.org/2001/XMLSchema-instance" xsi:noNamespaceSchemaLocation="https://maven.apache.org/surefire/maven-surefire-plugin/xsd/surefire-test-report-3.0.xsd" version="3.0" name="InjectedTest" time="7.344" tests="17" errors="0" skipped="0" failures="0">
  <properties>
    <property name="sun.desktop" value="gnome"/>
    <property name="awt.toolkit" value="sun.awt.X11.XToolkit"/>
    <property name="java.specification.version" value="11"/>
    <property name="sun.cpu.isalist" value=""/>
    <property name="sun.jnu.encoding" value="UTF-8"/>
    <property name="java.class.path" value="/home/pyke/Documents/plugin_jenkins/demo-plugin/target/test-classes:/home/pyke/Documents/plugin_jenkins/demo-plugin/target/classes:/home/pyke/.m2/repository/org/jenkins-ci/plugins/structs/325.vcb_307d2a_2782/structs-325.vcb_307d2a_2782.jar:/home/pyke/.m2/repository/org/jenkins-ci/plugins/workflow/workflow-basic-steps/1042.ve7b_140c4a_e0c/workflow-basic-steps-1042.ve7b_140c4a_e0c.jar:/home/pyke/.m2/repository/org/jenkins-ci/plugins/workflow/workflow-step-api/639.v6eca_cd8c04a_a_/workflow-step-api-639.v6eca_cd8c04a_a_.jar:/home/pyke/.m2/repository/org/jenkins-ci/plugins/mailer/463.vedf8358e006b_/mailer-463.vedf8358e006b_.jar:/home/pyke/.m2/repository/org/jenkins-ci/plugins/display-url-api/2.200.vb_9327d658781/display-url-api-2.200.vb_9327d658781.jar:/home/pyke/.m2/repository/org/jenkins-ci/modules/instance-identity/173.va_37c494ec4e5/instance-identity-173.va_37c494ec4e5.jar:/home/pyke/.m2/repository/org/jenkins-ci/plugins/bouncycastle-api/2.29/bouncycastle-api-2.29.jar:/home/pyke/.m2/repository/org/bouncycastle/bcpkix-jdk18on/1.75/bcpkix-jdk18on-1.75.jar:/home/pyke/.m2/repository/org/bouncycastle/bcprov-jdk18on/1.75/bcprov-jdk18on-1.75.jar:/home/pyke/.m2/repository/org/bouncycastle/bcutil-jdk18on/1.75/bcutil-jdk18on-1.75.jar:/home/pyke/.m2/repository/org/jenkins-ci/plugins/workflow/workflow-api/1283.v99c10937efcb_/workflow-api-1283.v99c10937efcb_.jar:/home/pyke/.m2/repository/org/jenkins-ci/plugins/apache-httpcomponents-client-4-api/4.5.14-208.v438351942757/apache-httpcomponents-client-4-api-4.5.14-208.v438351942757.jar:/home/pyke/.m2/repository/org/apache/httpcomponents/fluent-hc/4.5.14/fluent-hc-4.5.14.jar:/home/pyke/.m2/repository/org/apache/httpcomponents/httpasyncclient/4.1.5/httpasyncclient-4.1.5.jar:/home/pyke/.m2/repository/org/apache/httpcomponents/httpasyncclient-cache/4.1.5/httpasyncclient-cache-4.1.5.jar:/home/pyke/.m2/repository/org/apache/httpcomponents/httpclient/4.5.14/httpclient-4.5.14.jar:/home/pyke/.m2/repository/org/apache/httpcomponents/httpclient-cache/4.5.14/httpclient-cache-4.5.14.jar:/home/pyke/.m2/repository/org/apache/httpcomponents/httpcore/4.4.16/httpcore-4.4.16.jar:/home/pyke/.m2/repository/org/apache/httpcomponents/httpcore-nio/4.4.16/httpcore-nio-4.4.16.jar:/home/pyke/.m2/repository/org/apache/httpcomponents/httpmime/4.5.14/httpmime-4.5.14.jar:/home/pyke/.m2/repository/io/jenkins/plugins/jakarta-mail-api/2.0.1-3/jakarta-mail-api-2.0.1-3.jar:/home/pyke/.m2/repository/com/sun/mail/jakarta.mail/2.0.1/jakarta.mail-2.0.1.jar:/home/pyke/.m2/repository/io/jenkins/plugins/jakarta-activation-api/2.0.1-3/jakarta-activation-api-2.0.1-3.jar:/home/pyke/.m2/repository/com/sun/activation/jakarta.activation/2.0.1/jakarta.activation-2.0.1.jar:/home/pyke/.m2/repository/org/jenkins-ci/plugins/workflow/workflow-cps/3806.va_3a_6988277b_2/workflow-cps-3806.va_3a_6988277b_2.jar:/home/pyke/.m2/repository/io/jenkins/plugins/ionicons-api/56.v1b_1c8c49374e/ionicons-api-56.v1b_1c8c49374e.jar:/home/pyke/.m2/repository/org/jenkins-ci/plugins/workflow/workflow-support/865.v43e78cc44e0d/workflow-support-865.v43e78cc44e0d.jar:/home/pyke/.m2/repository/io/jenkins/plugins/caffeine-api/3.1.8-133.v17b_1ff2e0599/caffeine-api-3.1.8-133.v17b_1ff2e0599.jar:/home/pyke/.m2/repository/com/github/ben-manes/caffeine/caffeine/3.1.8/caffeine-3.1.8.jar:/home/pyke/.m2/repository/org/jboss/marshalling/jboss-marshalling-river/2.1.2.Final/jboss-marshalling-river-2.1.2.Final.jar:/home/pyke/.m2/repository/org/jboss/marshalling/jboss-marshalling/2.1.2.Final/jboss-marshalling-2.1.2.Final.jar:/home/pyke/.m2/repository/org/jenkins-ci/plugins/workflow/workflow-scm-step/415.v434365564324/workflow-scm-step-415.v434365564324.jar:/home/pyke/.m2/repository/org/jenkins-ci/plugins/script-security/1275.v23895f409fb_d/script-security-1275.v23895f409fb_d.jar:/home/pyke/.m2/repository/org/kohsuke/groovy-sandbox/1.33/groovy-sandbox-1.33.jar:/home/pyke/.m2/repository/org/jenkins-ci/plugins/scm-api/676.v886669a_199a_a_/scm-api-676.v886669a_199a_a_.jar:/home/pyke/.m2/repository/com/cloudbees/groovy-cps/3806.va_3a_6988277b_2/groovy-cps-3806.va_3a_6988277b_2.jar:/home/pyke/.m2/repository/com/cloudbees/diff4j/1.3/diff4j-1.3.jar:/home/pyke/.m2/repository/org/jenkins-ci/plugins/workflow/workflow-durable-task-step/1289.v4d3e7b_01546b_/workflow-durable-task-step-1289.v4d3e7b_01546b_.jar:/home/pyke/.m2/repository/org/jenkins-ci/plugins/durable-task/523.va_a_22cf15d5e0/durable-task-523.va_a_22cf15d5e0.jar:/home/pyke/.m2/repository/io/jenkins/plugins/lib-durable-task/40.vc66cf8fb_4613/lib-durable-task-40.vc66cf8fb_4613.jar:/home/pyke/.m2/repository/org/jenkins-ci/plugins/workflow/workflow-job/1326.ve643e00e9220/workflow-job-1326.ve643e00e9220.jar:/home/pyke/.m2/repository/org/jenkins-ci/main/jenkins-core/2.387.3/jenkins-core-2.387.3.jar:/home/pyke/.m2/repository/org/jenkins-ci/main/cli/2.387.3/cli-2.387.3.jar:/home/pyke/.m2/repository/org/jenkins-ci/main/remoting/3107.v665000b_51092/remoting-3107.v665000b_51092.jar:/home/pyke/.m2/repository/args4j/args4j/2.33/args4j-2.33.jar:/home/pyke/.m2/repository/com/github/spotbugs/spotbugs-annotations/4.7.3/spotbugs-annotations-4.7.3.jar:/home/pyke/.m2/repository/com/google/guava/guava/31.1-jre/guava-31.1-jre.jar:/home/pyke/.m2/repository/com/google/guava/failureaccess/1.0.1/failureaccess-1.0.1.jar:/home/pyke/.m2/repository/com/google/guava/listenablefuture/9999.0-empty-to-avoid-conflict-with-guava/listenablefuture-9999.0-empty-to-avoid-conflict-with-guava.jar:/home/pyke/.m2/repository/com/google/code/findbugs/jsr305/3.0.1/jsr305-3.0.1.jar:/home/pyke/.m2/repository/com/google/inject/guice/5.1.0/guice-5.1.0.jar:/home/pyke/.m2/repository/javax/inject/javax.inject/1/javax.inject-1.jar:/home/pyke/.m2/repository/com/infradna/tool/bridge-method-annotation/1.25/bridge-method-annotation-1.25.jar:/home/pyke/.m2/repository/com/jcraft/jzlib/1.1.3-kohsuke-1/jzlib-1.1.3-kohsuke-1.jar:/home/pyke/.m2/repository/com/sun/solaris/embedded_su4j/1.1/embedded_su4j-1.1.jar:/home/pyke/.m2/repository/com/sun/xml/txw2/txw2/20110809/txw2-20110809.jar:/home/pyke/.m2/repository/relaxngDatatype/relaxngDatatype/20020414/relaxngDatatype-20020414.jar:/home/pyke/.m2/repository/com/thoughtworks/xstream/xstream/1.4.20/xstream-1.4.20.jar:/home/pyke/.m2/repository/io/github/x-stream/mxparser/1.2.2/mxparser-1.2.2.jar:/home/pyke/.m2/repository/commons-beanutils/commons-beanutils/1.9.4/commons-beanutils-1.9.4.jar:/home/pyke/.m2/repository/commons-codec/commons-codec/1.15/commons-codec-1.15.jar:/home/pyke/.m2/repository/commons-collections/commons-collections/3.2.2/commons-collections-3.2.2.jar:/home/pyke/.m2/repository/commons-fileupload/commons-fileupload/1.5/commons-fileupload-1.5.jar:/home/pyke/.m2/repository/commons-io/commons-io/2.11.0/commons-io-2.11.0.jar:/home/pyke/.m2/repository/commons-jelly/commons-jelly-tags-fmt/1.0/commons-jelly-tags-fmt-1.0.jar:/home/pyke/.m2/repository/commons-jelly/commons-jelly-tags-xml/1.1/commons-jelly-tags-xml-1.1.jar:/home/pyke/.m2/repository/commons-lang/commons-lang/2.6/commons-lang-2.6.jar:/home/pyke/.m2/repository/io/jenkins/stapler/jenkins-stapler-support/1.1/jenkins-stapler-support-1.1.jar:/home/pyke/.m2/repository/jakarta/servlet/jsp/jstl/jakarta.servlet.jsp.jstl-api/1.2.7/jakarta.servlet.jsp.jstl-api-1.2.7.jar:/home/pyke/.m2/repository/jaxen/jaxen/2.0.0/jaxen-2.0.0.jar:/home/pyke/.m2/repository/jline/jline/2.14.6/jline-2.14.6.jar:/home/pyke/.m2/repository/net/java/dev/jna/jna/5.12.1/jna-5.12.1.jar:/home/pyke/.m2/repository/net/java/sezpoz/sezpoz/1.13/sezpoz-1.13.jar:/home/pyke/.m2/repository/net/jcip/jcip-annotations/1.0/jcip-annotations-1.0.jar:/home/pyke/.m2/repository/net/sf/kxml/kxml2/2.3.0/kxml2-2.3.0.jar:/home/pyke/.m2/repository/org/antlr/antlr4-runtime/4.11.1/antlr4-runtime-4.11.1.jar:/home/pyke/.m2/repository/org/apache/ant/ant/1.10.12/ant-1.10.12.jar:/home/pyke/.m2/repository/org/apache/ant/ant-launcher/1.10.12/ant-launcher-1.10.12.jar:/home/pyke/.m2/repository/org/apache/commons/commons-compress/1.22/commons-compress-1.22.jar:/home/pyke/.m2/repository/org/codehaus/groovy/groovy-all/2.4.21/groovy-all-2.4.21.jar:/home/pyke/.m2/repository/org/connectbot/jbcrypt/jbcrypt/1.0.0/jbcrypt-1.0.0.jar:/home/pyke/.m2/repository/org/fusesource/jansi/jansi/1.11/jansi-1.11.jar:/home/pyke/.m2/repository/org/jenkins-ci/annotation-indexer/1.17/annotation-indexer-1.17.jar:/home/pyke/.m2/repository/org/jenkins-ci/commons-jexl/1.1-jenkins-20111212/commons-jexl-1.1-jenkins-20111212.jar:/home/pyke/.m2/repository/org/jenkins-ci/crypto-util/1.8/crypto-util-1.8.jar:/home/pyke/.m2/repository/org/jenkins-ci/memory-monitor/1.12/memory-monitor-1.12.jar:/home/pyke/.m2/repository/org/jenkins-ci/symbol-annotation/1.24/symbol-annotation-1.24.jar:/home/pyke/.m2/repository/org/jenkins-ci/task-reactor/1.8/task-reactor-1.8.jar:/home/pyke/.m2/repository/org/jenkins-ci/version-number/1.11/version-number-1.11.jar:/home/pyke/.m2/repository/org/jenkins-ci/main/websocket-spi/2.387.3/websocket-spi-2.387.3.jar:/home/pyke/.m2/repository/org/jfree/jfreechart/1.0.19/jfreechart-1.0.19.jar:/home/pyke/.m2/repository/org/jfree/jcommon/1.0.23/jcommon-1.0.23.jar:/home/pyke/.m2/repository/org/jvnet/hudson/commons-jelly-tags-define/1.0.1-hudson-20071021/commons-jelly-tags-define-1.0.1-hudson-20071021.jar:/home/pyke/.m2/repository/org/jvnet/localizer/localizer/1.31/localizer-1.31.jar:/home/pyke/.m2/repository/org/jvnet/robust-http-client/robust-http-client/1.2/robust-http-client-1.2.jar:/home/pyke/.m2/repository/org/jvnet/winp/winp/1.30/winp-1.30.jar:/home/pyke/.m2/repository/org/kohsuke/access-modifier-annotation/1.30/access-modifier-annotation-1.30.jar:/home/pyke/.m2/repository/org/kohsuke/windows-package-checker/1.2/windows-package-checker-1.2.jar:/home/pyke/.m2/repository/org/kohsuke/jinterop/j-interop/2.0.8-kohsuke-1/j-interop-2.0.8-kohsuke-1.jar:/home/pyke/.m2/repository/org/kohsuke/jinterop/j-interopdeps/2.0.8-kohsuke-1/j-interopdeps-2.0.8-kohsuke-1.jar:/home/pyke/.m2/repository/org/samba/jcifs/jcifs/1.3.18-kohsuke-1/jcifs-1.3.18-kohsuke-1.jar:/home/pyke/.m2/repository/org/kohsuke/stapler/json-lib/2.4-jenkins-3/json-lib-2.4-jenkins-3.jar:/home/pyke/.m2/repository/net/sf/ezmorph/ezmorph/1.0.6/ezmorph-1.0.6.jar:/home/pyke/.m2/repository/org/kohsuke/stapler/stapler/1756.1758.v13fcdc2c8c34/stapler-1756.1758.v13fcdc2c8c34.jar:/home/pyke/.m2/repository/commons-discovery/commons-discovery/0.5/commons-discovery-0.5.jar:/home/pyke/.m2/repository/jakarta/annotation/jakarta.annotation-api/2.1.1/jakarta.annotation-api-2.1.1.jar:/home/pyke/.m2/repository/javax/annotation/javax.annotation-api/1.3.2/javax.annotation-api-1.3.2.jar:/home/pyke/.m2/repository/org/jvnet/tiger-types/2.2/tiger-types-2.2.jar:/home/pyke/.m2/repository/org/kohsuke/stapler/stapler-adjunct-codemirror/1.3/stapler-adjunct-codemirror-1.3.jar:/home/pyke/.m2/repository/org/kohsuke/stapler/stapler-adjunct-timeline/1.5/stapler-adjunct-timeline-1.5.jar:/home/pyke/.m2/repository/org/kohsuke/stapler/stapler-groovy/1756.1758.v13fcdc2c8c34/stapler-groovy-1756.1758.v13fcdc2c8c34.jar:/home/pyke/.m2/repository/org/kohsuke/stapler/stapler-jelly/1756.1758.v13fcdc2c8c34/stapler-jelly-1756.1758.v13fcdc2c8c34.jar:/home/pyke/.m2/repository/org/dom4j/dom4j/2.1.3/dom4j-2.1.3.jar:/home/pyke/.m2/repository/org/jenkins-ci/commons-jelly/1.1-jenkins-20220630/commons-jelly-1.1-jenkins-20220630.jar:/home/pyke/.m2/repository/org/ow2/asm/asm/9.4/asm-9.4.jar:/home/pyke/.m2/repository/org/ow2/asm/asm-analysis/9.4/asm-analysis-9.4.jar:/home/pyke/.m2/repository/org/ow2/asm/asm-commons/9.4/asm-commons-9.4.jar:/home/pyke/.m2/repository/org/ow2/asm/asm-tree/9.4/asm-tree-9.4.jar:/home/pyke/.m2/repository/org/ow2/asm/asm-util/9.4/asm-util-9.4.jar:/home/pyke/.m2/repository/org/slf4j/jcl-over-slf4j/2.0.6/jcl-over-slf4j-2.0.6.jar:/home/pyke/.m2/repository/org/slf4j/slf4j-api/2.0.6/slf4j-api-2.0.6.jar:/home/pyke/.m2/repository/org/slf4j/log4j-over-slf4j/2.0.6/log4j-over-slf4j-2.0.6.jar:/home/pyke/.m2/repository/org/springframework/security/spring-security-web/5.8.1/spring-security-web-5.8.1.jar:/home/pyke/.m2/repository/org/springframework/security/spring-security-core/5.8.1/spring-security-core-5.8.1.jar:/home/pyke/.m2/repository/org/springframework/security/spring-security-crypto/5.8.1/spring-security-crypto-5.8.1.jar:/home/pyke/.m2/repository/org/springframework/spring-core/5.3.24/spring-core-5.3.24.jar:/home/pyke/.m2/repository/org/springframework/spring-aop/5.3.24/spring-aop-5.3.24.jar:/home/pyke/.m2/repository/org/springframework/spring-beans/5.3.24/spring-beans-5.3.24.jar:/home/pyke/.m2/repository/org/springframework/spring-context/5.3.24/spring-context-5.3.24.jar:/home/pyke/.m2/repository/org/springframework/spring-expression/5.3.24/spring-expression-5.3.24.jar:/home/pyke/.m2/repository/org/springframework/spring-web/5.3.24/spring-web-5.3.24.jar:/home/pyke/.m2/repository/xpp3/xpp3/1.1.4c/xpp3-1.1.4c.jar:/home/pyke/.m2/repository/org/jenkins-ci/main/jenkins-war/2.387.3/jenkins-war-2.387.3.war:/home/pyke/.m2/repository/org/jenkins-ci/main/websocket-jetty10/2.387.3/websocket-jetty10-2.387.3.jar:/home/pyke/.m2/repository/org/kohsuke/metainf-services/metainf-services/1.9/metainf-services-1.9.jar:/home/pyke/.m2/repository/org/jenkins-ci/main/websocket-jetty9/2.387.3/websocket-jetty9-2.387.3.jar:/home/pyke/.m2/repository/org/slf4j/slf4j-jdk14/2.0.6/slf4j-jdk14-2.0.6.jar:/home/pyke/.m2/repository/jakarta/servlet/jakarta.servlet-api/4.0.4/jakarta.servlet-api-4.0.4.jar:/home/pyke/.m2/repository/commons-logging/commons-logging/1.2/commons-logging-1.2.jar:/home/pyke/.m2/repository/org/jenkins-ci/main/jenkins-test-harness/2099.vc95b_86578f37/jenkins-test-harness-2099.vc95b_86578f37.jar:/home/pyke/.m2/repository/io/jenkins/lib/support-log-formatter/1.2/support-log-formatter-1.2.jar:/home/pyke/.m2/repository/junit/junit/4.13.2/junit-4.13.2.jar:/home/pyke/.m2/repository/org/hamcrest/hamcrest-core/2.2/hamcrest-core-2.2.jar:/home/pyke/.m2/repository/org/eclipse/jetty/jetty-security/10.0.17/jetty-security-10.0.17.jar:/home/pyke/.m2/repository/org/eclipse/jetty/jetty-server/10.0.17/jetty-server-10.0.17.jar:/home/pyke/.m2/repository/org/eclipse/jetty/jetty-http/10.0.17/jetty-http-10.0.17.jar:/home/pyke/.m2/repository/org/eclipse/jetty/jetty-io/10.0.17/jetty-io-10.0.17.jar:/home/pyke/.m2/repository/org/eclipse/jetty/jetty-webapp/10.0.17/jetty-webapp-10.0.17.jar:/home/pyke/.m2/repository/org/eclipse/jetty/jetty-servlet/10.0.17/jetty-servlet-10.0.17.jar:/home/pyke/.m2/repository/org/eclipse/jetty/jetty-xml/10.0.17/jetty-xml-10.0.17.jar:/home/pyke/.m2/repository/org/eclipse/jetty/jetty-util/10.0.17/jetty-util-10.0.17.jar:/home/pyke/.m2/repository/org/eclipse/jetty/websocket/websocket-jetty-server/10.0.17/websocket-jetty-server-10.0.17.jar:/home/pyke/.m2/repository/org/eclipse/jetty/websocket/websocket-jetty-api/10.0.17/websocket-jetty-api-10.0.17.jar:/home/pyke/.m2/repository/org/eclipse/jetty/websocket/websocket-jetty-common/10.0.17/websocket-jetty-common-10.0.17.jar:/home/pyke/.m2/repository/org/eclipse/jetty/websocket/websocket-core-common/10.0.17/websocket-core-common-10.0.17.jar:/home/pyke/.m2/repository/org/eclipse/jetty/websocket/websocket-servlet/10.0.17/websocket-servlet-10.0.17.jar:/home/pyke/.m2/repository/org/eclipse/jetty/websocket/websocket-core-server/10.0.17/websocket-core-server-10.0.17.jar:/home/pyke/.m2/repository/org/eclipse/jetty/toolchain/jetty-servlet-api/4.0.6/jetty-servlet-api-4.0.6.jar:/home/pyke/.m2/repository/org/hamcrest/hamcrest/2.2/hamcrest-2.2.jar:/home/pyke/.m2/repository/org/jenkins-ci/main/jenkins-test-harness-htmlunit/158.v7f737a_0dea_b_b_/jenkins-test-harness-htmlunit-158.v7f737a_0dea_b_b_.jar:/home/pyke/.m2/repository/org/junit/jupiter/junit-jupiter-api/5.10.0/junit-jupiter-api-5.10.0.jar:/home/pyke/.m2/repository/org/opentest4j/opentest4j/1.3.0/opentest4j-1.3.0.jar:/home/pyke/.m2/repository/org/junit/platform/junit-platform-commons/1.10.0/junit-platform-commons-1.10.0.jar:/home/pyke/.m2/repository/org/netbeans/modules/org-netbeans-insane/RELEASE190/org-netbeans-insane-RELEASE190.jar:/home/pyke/.m2/repository/org/openjdk/jmh/jmh-core/1.37/jmh-core-1.37.jar:/home/pyke/.m2/repository/net/sf/jopt-simple/jopt-simple/5.0.4/jopt-simple-5.0.4.jar:/home/pyke/.m2/repository/org/apache/commons/commons-math3/3.6.1/commons-math3-3.6.1.jar:/home/pyke/.m2/repository/org/openjdk/jmh/jmh-generator-annprocess/1.37/jmh-generator-annprocess-1.37.jar:/home/pyke/.m2/repository/org/jenkins-ci/test-annotations/1.4/test-annotations-1.4.jar:/home/pyke/.m2/repository/org/junit/jupiter/junit-jupiter/5.10.0/junit-jupiter-5.10.0.jar:/home/pyke/.m2/repository/org/junit/jupiter/junit-jupiter-params/5.10.0/junit-jupiter-params-5.10.0.jar:/home/pyke/.m2/repository/org/junit/jupiter/junit-jupiter-engine/5.10.0/junit-jupiter-engine-5.10.0.jar:/home/pyke/.m2/repository/org/junit/vintage/junit-vintage-engine/5.10.0/junit-vintage-engine-5.10.0.jar:/home/pyke/.m2/repository/org/junit/platform/junit-platform-engine/1.10.0/junit-platform-engine-1.10.0.jar:/home/pyke/.m2/repository/org/apiguardian/apiguardian-api/1.1.2/apiguardian-api-1.1.2.jar:"/>
    <property name="java.vm.vendor" value="Ubuntu"/>
    <property name="sun.arch.data.model" value="64"/>
    <property name="sun.font.fontmanager" value="sun.awt.X11FontManager"/>
    <property name="java.vendor.url" value="https://ubuntu.com/"/>
    <property name="user.timezone" value="Europe/Paris"/>
    <property name="java.vm.specification.version" value="11"/>
    <property name="os.name" value="Linux"/>
    <property name="user.country" value="US"/>
    <property name="sun.java.launcher" value="SUN_STANDARD"/>
    <property name="sun.boot.library.path" value="/usr/lib/jvm/java-11-openjdk-amd64/lib"/>
    <property name="sun.java.command" value="/home/pyke/Documents/plugin_jenkins/demo-plugin/target/surefire/surefirebooter-20240213085314238_3.jar /home/pyke/Documents/plugin_jenkins/demo-plugin/target/surefire 2024-02-13T08-53-12_592-jvmRun1 surefire-20240213085314238_1tmp surefire_0-20240213085314238_2tmp"/>
    <property name="jdk.debug" value="release"/>
    <property name="surefire.test.class.path" value="/home/pyke/Documents/plugin_jenkins/demo-plugin/target/test-classes:/home/pyke/Documents/plugin_jenkins/demo-plugin/target/classes:/home/pyke/.m2/repository/org/jenkins-ci/plugins/structs/325.vcb_307d2a_2782/structs-325.vcb_307d2a_2782.jar:/home/pyke/.m2/repository/org/jenkins-ci/plugins/workflow/workflow-basic-steps/1042.ve7b_140c4a_e0c/workflow-basic-steps-1042.ve7b_140c4a_e0c.jar:/home/pyke/.m2/repository/org/jenkins-ci/plugins/workflow/workflow-step-api/639.v6eca_cd8c04a_a_/workflow-step-api-639.v6eca_cd8c04a_a_.jar:/home/pyke/.m2/repository/org/jenkins-ci/plugins/mailer/463.vedf8358e006b_/mailer-463.vedf8358e006b_.jar:/home/pyke/.m2/repository/org/jenkins-ci/plugins/display-url-api/2.200.vb_9327d658781/display-url-api-2.200.vb_9327d658781.jar:/home/pyke/.m2/repository/org/jenkins-ci/modules/instance-identity/173.va_37c494ec4e5/instance-identity-173.va_37c494ec4e5.jar:/home/pyke/.m2/repository/org/jenkins-ci/plugins/bouncycastle-api/2.29/bouncycastle-api-2.29.jar:/home/pyke/.m2/repository/org/bouncycastle/bcpkix-jdk18on/1.75/bcpkix-jdk18on-1.75.jar:/home/pyke/.m2/repository/org/bouncycastle/bcprov-jdk18on/1.75/bcprov-jdk18on-1.75.jar:/home/pyke/.m2/repository/org/bouncycastle/bcutil-jdk18on/1.75/bcutil-jdk18on-1.75.jar:/home/pyke/.m2/repository/org/jenkins-ci/plugins/workflow/workflow-api/1283.v99c10937efcb_/workflow-api-1283.v99c10937efcb_.jar:/home/pyke/.m2/repository/org/jenkins-ci/plugins/apache-httpcomponents-client-4-api/4.5.14-208.v438351942757/apache-httpcomponents-client-4-api-4.5.14-208.v438351942757.jar:/home/pyke/.m2/repository/org/apache/httpcomponents/fluent-hc/4.5.14/fluent-hc-4.5.14.jar:/home/pyke/.m2/repository/org/apache/httpcomponents/httpasyncclient/4.1.5/httpasyncclient-4.1.5.jar:/home/pyke/.m2/repository/org/apache/httpcomponents/httpasyncclient-cache/4.1.5/httpasyncclient-cache-4.1.5.jar:/home/pyke/.m2/repository/org/apache/httpcomponents/httpclient/4.5.14/httpclient-4.5.14.jar:/home/pyke/.m2/repository/org/apache/httpcomponents/httpclient-cache/4.5.14/httpclient-cache-4.5.14.jar:/home/pyke/.m2/repository/org/apache/httpcomponents/httpcore/4.4.16/httpcore-4.4.16.jar:/home/pyke/.m2/repository/org/apache/httpcomponents/httpcore-nio/4.4.16/httpcore-nio-4.4.16.jar:/home/pyke/.m2/repository/org/apache/httpcomponents/httpmime/4.5.14/httpmime-4.5.14.jar:/home/pyke/.m2/repository/io/jenkins/plugins/jakarta-mail-api/2.0.1-3/jakarta-mail-api-2.0.1-3.jar:/home/pyke/.m2/repository/com/sun/mail/jakarta.mail/2.0.1/jakarta.mail-2.0.1.jar:/home/pyke/.m2/repository/io/jenkins/plugins/jakarta-activation-api/2.0.1-3/jakarta-activation-api-2.0.1-3.jar:/home/pyke/.m2/repository/com/sun/activation/jakarta.activation/2.0.1/jakarta.activation-2.0.1.jar:/home/pyke/.m2/repository/org/jenkins-ci/plugins/workflow/workflow-cps/3806.va_3a_6988277b_2/workflow-cps-3806.va_3a_6988277b_2.jar:/home/pyke/.m2/repository/io/jenkins/plugins/ionicons-api/56.v1b_1c8c49374e/ionicons-api-56.v1b_1c8c49374e.jar:/home/pyke/.m2/repository/org/jenkins-ci/plugins/workflow/workflow-support/865.v43e78cc44e0d/workflow-support-865.v43e78cc44e0d.jar:/home/pyke/.m2/repository/io/jenkins/plugins/caffeine-api/3.1.8-133.v17b_1ff2e0599/caffeine-api-3.1.8-133.v17b_1ff2e0599.jar:/home/pyke/.m2/repository/com/github/ben-manes/caffeine/caffeine/3.1.8/caffeine-3.1.8.jar:/home/pyke/.m2/repository/org/jboss/marshalling/jboss-marshalling-river/2.1.2.Final/jboss-marshalling-river-2.1.2.Final.jar:/home/pyke/.m2/repository/org/jboss/marshalling/jboss-marshalling/2.1.2.Final/jboss-marshalling-2.1.2.Final.jar:/home/pyke/.m2/repository/org/jenkins-ci/plugins/workflow/workflow-scm-step/415.v434365564324/workflow-scm-step-415.v434365564324.jar:/home/pyke/.m2/repository/org/jenkins-ci/plugins/script-security/1275.v23895f409fb_d/script-security-1275.v23895f409fb_d.jar:/home/pyke/.m2/repository/org/kohsuke/groovy-sandbox/1.33/groovy-sandbox-1.33.jar:/home/pyke/.m2/repository/org/jenkins-ci/plugins/scm-api/676.v886669a_199a_a_/scm-api-676.v886669a_199a_a_.jar:/home/pyke/.m2/repository/com/cloudbees/groovy-cps/3806.va_3a_6988277b_2/groovy-cps-3806.va_3a_6988277b_2.jar:/home/pyke/.m2/repository/com/cloudbees/diff4j/1.3/diff4j-1.3.jar:/home/pyke/.m2/repository/org/jenkins-ci/plugins/workflow/workflow-durable-task-step/1289.v4d3e7b_01546b_/workflow-durable-task-step-1289.v4d3e7b_01546b_.jar:/home/pyke/.m2/repository/org/jenkins-ci/plugins/durable-task/523.va_a_22cf15d5e0/durable-task-523.va_a_22cf15d5e0.jar:/home/pyke/.m2/repository/io/jenkins/plugins/lib-durable-task/40.vc66cf8fb_4613/lib-durable-task-40.vc66cf8fb_4613.jar:/home/pyke/.m2/repository/org/jenkins-ci/plugins/workflow/workflow-job/1326.ve643e00e9220/workflow-job-1326.ve643e00e9220.jar:/home/pyke/.m2/repository/org/jenkins-ci/main/jenkins-core/2.387.3/jenkins-core-2.387.3.jar:/home/pyke/.m2/repository/org/jenkins-ci/main/cli/2.387.3/cli-2.387.3.jar:/home/pyke/.m2/repository/org/jenkins-ci/main/remoting/3107.v665000b_51092/remoting-3107.v665000b_51092.jar:/home/pyke/.m2/repository/args4j/args4j/2.33/args4j-2.33.jar:/home/pyke/.m2/repository/com/github/spotbugs/spotbugs-annotations/4.7.3/spotbugs-annotations-4.7.3.jar:/home/pyke/.m2/repository/com/google/guava/guava/31.1-jre/guava-31.1-jre.jar:/home/pyke/.m2/repository/com/google/guava/failureaccess/1.0.1/failureaccess-1.0.1.jar:/home/pyke/.m2/repository/com/google/guava/listenablefuture/9999.0-empty-to-avoid-conflict-with-guava/listenablefuture-9999.0-empty-to-avoid-conflict-with-guava.jar:/home/pyke/.m2/repository/com/google/code/findbugs/jsr305/3.0.1/jsr305-3.0.1.jar:/home/pyke/.m2/repository/com/google/inject/guice/5.1.0/guice-5.1.0.jar:/home/pyke/.m2/repository/javax/inject/javax.inject/1/javax.inject-1.jar:/home/pyke/.m2/repository/com/infradna/tool/bridge-method-annotation/1.25/bridge-method-annotation-1.25.jar:/home/pyke/.m2/repository/com/jcraft/jzlib/1.1.3-kohsuke-1/jzlib-1.1.3-kohsuke-1.jar:/home/pyke/.m2/repository/com/sun/solaris/embedded_su4j/1.1/embedded_su4j-1.1.jar:/home/pyke/.m2/repository/com/sun/xml/txw2/txw2/20110809/txw2-20110809.jar:/home/pyke/.m2/repository/relaxngDatatype/relaxngDatatype/20020414/relaxngDatatype-20020414.jar:/home/pyke/.m2/repository/com/thoughtworks/xstream/xstream/1.4.20/xstream-1.4.20.jar:/home/pyke/.m2/repository/io/github/x-stream/mxparser/1.2.2/mxparser-1.2.2.jar:/home/pyke/.m2/repository/commons-beanutils/commons-beanutils/1.9.4/commons-beanutils-1.9.4.jar:/home/pyke/.m2/repository/commons-codec/commons-codec/1.15/commons-codec-1.15.jar:/home/pyke/.m2/repository/commons-collections/commons-collections/3.2.2/commons-collections-3.2.2.jar:/home/pyke/.m2/repository/commons-fileupload/commons-fileupload/1.5/commons-fileupload-1.5.jar:/home/pyke/.m2/repository/commons-io/commons-io/2.11.0/commons-io-2.11.0.jar:/home/pyke/.m2/repository/commons-jelly/commons-jelly-tags-fmt/1.0/commons-jelly-tags-fmt-1.0.jar:/home/pyke/.m2/repository/commons-jelly/commons-jelly-tags-xml/1.1/commons-jelly-tags-xml-1.1.jar:/home/pyke/.m2/repository/commons-lang/commons-lang/2.6/commons-lang-2.6.jar:/home/pyke/.m2/repository/io/jenkins/stapler/jenkins-stapler-support/1.1/jenkins-stapler-support-1.1.jar:/home/pyke/.m2/repository/jakarta/servlet/jsp/jstl/jakarta.servlet.jsp.jstl-api/1.2.7/jakarta.servlet.jsp.jstl-api-1.2.7.jar:/home/pyke/.m2/repository/jaxen/jaxen/2.0.0/jaxen-2.0.0.jar:/home/pyke/.m2/repository/jline/jline/2.14.6/jline-2.14.6.jar:/home/pyke/.m2/repository/net/java/dev/jna/jna/5.12.1/jna-5.12.1.jar:/home/pyke/.m2/repository/net/java/sezpoz/sezpoz/1.13/sezpoz-1.13.jar:/home/pyke/.m2/repository/net/jcip/jcip-annotations/1.0/jcip-annotations-1.0.jar:/home/pyke/.m2/repository/net/sf/kxml/kxml2/2.3.0/kxml2-2.3.0.jar:/home/pyke/.m2/repository/org/antlr/antlr4-runtime/4.11.1/antlr4-runtime-4.11.1.jar:/home/pyke/.m2/repository/org/apache/ant/ant/1.10.12/ant-1.10.12.jar:/home/pyke/.m2/repository/org/apache/ant/ant-launcher/1.10.12/ant-launcher-1.10.12.jar:/home/pyke/.m2/repository/org/apache/commons/commons-compress/1.22/commons-compress-1.22.jar:/home/pyke/.m2/repository/org/codehaus/groovy/groovy-all/2.4.21/groovy-all-2.4.21.jar:/home/pyke/.m2/repository/org/connectbot/jbcrypt/jbcrypt/1.0.0/jbcrypt-1.0.0.jar:/home/pyke/.m2/repository/org/fusesource/jansi/jansi/1.11/jansi-1.11.jar:/home/pyke/.m2/repository/org/jenkins-ci/annotation-indexer/1.17/annotation-indexer-1.17.jar:/home/pyke/.m2/repository/org/jenkins-ci/commons-jexl/1.1-jenkins-20111212/commons-jexl-1.1-jenkins-20111212.jar:/home/pyke/.m2/repository/org/jenkins-ci/crypto-util/1.8/crypto-util-1.8.jar:/home/pyke/.m2/repository/org/jenkins-ci/memory-monitor/1.12/memory-monitor-1.12.jar:/home/pyke/.m2/repository/org/jenkins-ci/symbol-annotation/1.24/symbol-annotation-1.24.jar:/home/pyke/.m2/repository/org/jenkins-ci/task-reactor/1.8/task-reactor-1.8.jar:/home/pyke/.m2/repository/org/jenkins-ci/version-number/1.11/version-number-1.11.jar:/home/pyke/.m2/repository/org/jenkins-ci/main/websocket-spi/2.387.3/websocket-spi-2.387.3.jar:/home/pyke/.m2/repository/org/jfree/jfreechart/1.0.19/jfreechart-1.0.19.jar:/home/pyke/.m2/repository/org/jfree/jcommon/1.0.23/jcommon-1.0.23.jar:/home/pyke/.m2/repository/org/jvnet/hudson/commons-jelly-tags-define/1.0.1-hudson-20071021/commons-jelly-tags-define-1.0.1-hudson-20071021.jar:/home/pyke/.m2/repository/org/jvnet/localizer/localizer/1.31/localizer-1.31.jar:/home/pyke/.m2/repository/org/jvnet/robust-http-client/robust-http-client/1.2/robust-http-client-1.2.jar:/home/pyke/.m2/repository/org/jvnet/winp/winp/1.30/winp-1.30.jar:/home/pyke/.m2/repository/org/kohsuke/access-modifier-annotation/1.30/access-modifier-annotation-1.30.jar:/home/pyke/.m2/repository/org/kohsuke/windows-package-checker/1.2/windows-package-checker-1.2.jar:/home/pyke/.m2/repository/org/kohsuke/jinterop/j-interop/2.0.8-kohsuke-1/j-interop-2.0.8-kohsuke-1.jar:/home/pyke/.m2/repository/org/kohsuke/jinterop/j-interopdeps/2.0.8-kohsuke-1/j-interopdeps-2.0.8-kohsuke-1.jar:/home/pyke/.m2/repository/org/samba/jcifs/jcifs/1.3.18-kohsuke-1/jcifs-1.3.18-kohsuke-1.jar:/home/pyke/.m2/repository/org/kohsuke/stapler/json-lib/2.4-jenkins-3/json-lib-2.4-jenkins-3.jar:/home/pyke/.m2/repository/net/sf/ezmorph/ezmorph/1.0.6/ezmorph-1.0.6.jar:/home/pyke/.m2/repository/org/kohsuke/stapler/stapler/1756.1758.v13fcdc2c8c34/stapler-1756.1758.v13fcdc2c8c34.jar:/home/pyke/.m2/repository/commons-discovery/commons-discovery/0.5/commons-discovery-0.5.jar:/home/pyke/.m2/repository/jakarta/annotation/jakarta.annotation-api/2.1.1/jakarta.annotation-api-2.1.1.jar:/home/pyke/.m2/repository/javax/annotation/javax.annotation-api/1.3.2/javax.annotation-api-1.3.2.jar:/home/pyke/.m2/repository/org/jvnet/tiger-types/2.2/tiger-types-2.2.jar:/home/pyke/.m2/repository/org/kohsuke/stapler/stapler-adjunct-codemirror/1.3/stapler-adjunct-codemirror-1.3.jar:/home/pyke/.m2/repository/org/kohsuke/stapler/stapler-adjunct-timeline/1.5/stapler-adjunct-timeline-1.5.jar:/home/pyke/.m2/repository/org/kohsuke/stapler/stapler-groovy/1756.1758.v13fcdc2c8c34/stapler-groovy-1756.1758.v13fcdc2c8c34.jar:/home/pyke/.m2/repository/org/kohsuke/stapler/stapler-jelly/1756.1758.v13fcdc2c8c34/stapler-jelly-1756.1758.v13fcdc2c8c34.jar:/home/pyke/.m2/repository/org/dom4j/dom4j/2.1.3/dom4j-2.1.3.jar:/home/pyke/.m2/repository/org/jenkins-ci/commons-jelly/1.1-jenkins-20220630/commons-jelly-1.1-jenkins-20220630.jar:/home/pyke/.m2/repository/org/ow2/asm/asm/9.4/asm-9.4.jar:/home/pyke/.m2/repository/org/ow2/asm/asm-analysis/9.4/asm-analysis-9.4.jar:/home/pyke/.m2/repository/org/ow2/asm/asm-commons/9.4/asm-commons-9.4.jar:/home/pyke/.m2/repository/org/ow2/asm/asm-tree/9.4/asm-tree-9.4.jar:/home/pyke/.m2/repository/org/ow2/asm/asm-util/9.4/asm-util-9.4.jar:/home/pyke/.m2/repository/org/slf4j/jcl-over-slf4j/2.0.6/jcl-over-slf4j-2.0.6.jar:/home/pyke/.m2/repository/org/slf4j/slf4j-api/2.0.6/slf4j-api-2.0.6.jar:/home/pyke/.m2/repository/org/slf4j/log4j-over-slf4j/2.0.6/log4j-over-slf4j-2.0.6.jar:/home/pyke/.m2/repository/org/springframework/security/spring-security-web/5.8.1/spring-security-web-5.8.1.jar:/home/pyke/.m2/repository/org/springframework/security/spring-security-core/5.8.1/spring-security-core-5.8.1.jar:/home/pyke/.m2/repository/org/springframework/security/spring-security-crypto/5.8.1/spring-security-crypto-5.8.1.jar:/home/pyke/.m2/repository/org/springframework/spring-core/5.3.24/spring-core-5.3.24.jar:/home/pyke/.m2/repository/org/springframework/spring-aop/5.3.24/spring-aop-5.3.24.jar:/home/pyke/.m2/repository/org/springframework/spring-beans/5.3.24/spring-beans-5.3.24.jar:/home/pyke/.m2/repository/org/springframework/spring-context/5.3.24/spring-context-5.3.24.jar:/home/pyke/.m2/repository/org/springframework/spring-expression/5.3.24/spring-expression-5.3.24.jar:/home/pyke/.m2/repository/org/springframework/spring-web/5.3.24/spring-web-5.3.24.jar:/home/pyke/.m2/repository/xpp3/xpp3/1.1.4c/xpp3-1.1.4c.jar:/home/pyke/.m2/repository/org/jenkins-ci/main/jenkins-war/2.387.3/jenkins-war-2.387.3.war:/home/pyke/.m2/repository/org/jenkins-ci/main/websocket-jetty10/2.387.3/websocket-jetty10-2.387.3.jar:/home/pyke/.m2/repository/org/kohsuke/metainf-services/metainf-services/1.9/metainf-services-1.9.jar:/home/pyke/.m2/repository/org/jenkins-ci/main/websocket-jetty9/2.387.3/websocket-jetty9-2.387.3.jar:/home/pyke/.m2/repository/org/slf4j/slf4j-jdk14/2.0.6/slf4j-jdk14-2.0.6.jar:/home/pyke/.m2/repository/jakarta/servlet/jakarta.servlet-api/4.0.4/jakarta.servlet-api-4.0.4.jar:/home/pyke/.m2/repository/commons-logging/commons-logging/1.2/commons-logging-1.2.jar:/home/pyke/.m2/repository/org/jenkins-ci/main/jenkins-test-harness/2099.vc95b_86578f37/jenkins-test-harness-2099.vc95b_86578f37.jar:/home/pyke/.m2/repository/io/jenkins/lib/support-log-formatter/1.2/support-log-formatter-1.2.jar:/home/pyke/.m2/repository/junit/junit/4.13.2/junit-4.13.2.jar:/home/pyke/.m2/repository/org/hamcrest/hamcrest-core/2.2/hamcrest-core-2.2.jar:/home/pyke/.m2/repository/org/eclipse/jetty/jetty-security/10.0.17/jetty-security-10.0.17.jar:/home/pyke/.m2/repository/org/eclipse/jetty/jetty-server/10.0.17/jetty-server-10.0.17.jar:/home/pyke/.m2/repository/org/eclipse/jetty/jetty-http/10.0.17/jetty-http-10.0.17.jar:/home/pyke/.m2/repository/org/eclipse/jetty/jetty-io/10.0.17/jetty-io-10.0.17.jar:/home/pyke/.m2/repository/org/eclipse/jetty/jetty-webapp/10.0.17/jetty-webapp-10.0.17.jar:/home/pyke/.m2/repository/org/eclipse/jetty/jetty-servlet/10.0.17/jetty-servlet-10.0.17.jar:/home/pyke/.m2/repository/org/eclipse/jetty/jetty-xml/10.0.17/jetty-xml-10.0.17.jar:/home/pyke/.m2/repository/org/eclipse/jetty/jetty-util/10.0.17/jetty-util-10.0.17.jar:/home/pyke/.m2/repository/org/eclipse/jetty/websocket/websocket-jetty-server/10.0.17/websocket-jetty-server-10.0.17.jar:/home/pyke/.m2/repository/org/eclipse/jetty/websocket/websocket-jetty-api/10.0.17/websocket-jetty-api-10.0.17.jar:/home/pyke/.m2/repository/org/eclipse/jetty/websocket/websocket-jetty-common/10.0.17/websocket-jetty-common-10.0.17.jar:/home/pyke/.m2/repository/org/eclipse/jetty/websocket/websocket-core-common/10.0.17/websocket-core-common-10.0.17.jar:/home/pyke/.m2/repository/org/eclipse/jetty/websocket/websocket-servlet/10.0.17/websocket-servlet-10.0.17.jar:/home/pyke/.m2/repository/org/eclipse/jetty/websocket/websocket-core-server/10.0.17/websocket-core-server-10.0.17.jar:/home/pyke/.m2/repository/org/eclipse/jetty/toolchain/jetty-servlet-api/4.0.6/jetty-servlet-api-4.0.6.jar:/home/pyke/.m2/repository/org/hamcrest/hamcrest/2.2/hamcrest-2.2.jar:/home/pyke/.m2/repository/org/jenkins-ci/main/jenkins-test-harness-htmlunit/158.v7f737a_0dea_b_b_/jenkins-test-harness-htmlunit-158.v7f737a_0dea_b_b_.jar:/home/pyke/.m2/repository/org/junit/jupiter/junit-jupiter-api/5.10.0/junit-jupiter-api-5.10.0.jar:/home/pyke/.m2/repository/org/opentest4j/opentest4j/1.3.0/opentest4j-1.3.0.jar:/home/pyke/.m2/repository/org/junit/platform/junit-platform-commons/1.10.0/junit-platform-commons-1.10.0.jar:/home/pyke/.m2/repository/org/netbeans/modules/org-netbeans-insane/RELEASE190/org-netbeans-insane-RELEASE190.jar:/home/pyke/.m2/repository/org/openjdk/jmh/jmh-core/1.37/jmh-core-1.37.jar:/home/pyke/.m2/repository/net/sf/jopt-simple/jopt-simple/5.0.4/jopt-simple-5.0.4.jar:/home/pyke/.m2/repository/org/apache/commons/commons-math3/3.6.1/commons-math3-3.6.1.jar:/home/pyke/.m2/repository/org/openjdk/jmh/jmh-generator-annprocess/1.37/jmh-generator-annprocess-1.37.jar:/home/pyke/.m2/repository/org/jenkins-ci/test-annotations/1.4/test-annotations-1.4.jar:/home/pyke/.m2/repository/org/junit/jupiter/junit-jupiter/5.10.0/junit-jupiter-5.10.0.jar:/home/pyke/.m2/repository/org/junit/jupiter/junit-jupiter-params/5.10.0/junit-jupiter-params-5.10.0.jar:/home/pyke/.m2/repository/org/junit/jupiter/junit-jupiter-engine/5.10.0/junit-jupiter-engine-5.10.0.jar:/home/pyke/.m2/repository/org/junit/vintage/junit-vintage-engine/5.10.0/junit-vintage-engine-5.10.0.jar:/home/pyke/.m2/repository/org/junit/platform/junit-platform-engine/1.10.0/junit-platform-engine-1.10.0.jar:/home/pyke/.m2/repository/org/apiguardian/apiguardian-api/1.1.2/apiguardian-api-1.1.2.jar:"/>
    <property name="sun.cpu.endian" value="little"/>
    <property name="mail.smtps.sendpartial" value="true"/>
    <property name="user.home" value="/home/pyke"/>
    <property name="user.language" value="en"/>
    <property name="java.specification.vendor" value="Oracle Corporation"/>
    <property name="java.version.date" value="2023-10-17"/>
    <property name="java.home" value="/usr/lib/jvm/java-11-openjdk-amd64"/>
    <property name="surefire.forkNumber" value="1"/>
    <property name="file.separator" value="/"/>
    <property name="basedir" value="/home/pyke/Documents/plugin_jenkins/demo-plugin"/>
    <property name="java.vm.compressedOopsMode" value="32-bit"/>
    <property name="line.separator" value="&#10;"/>
    <property name="java.specification.name" value="Java Platform API Specification"/>
    <property name="java.vm.specification.vendor" value="Oracle Corporation"/>
    <property name="java.awt.graphicsenv" value="sun.awt.X11GraphicsEnvironment"/>
    <property name="java.awt.headless" value="true"/>
    <property name="org.eclipse.jetty.server.Request.maxFormContentSize" value="-1"/>
    <property name="surefire.real.class.path" value="/home/pyke/Documents/plugin_jenkins/demo-plugin/target/surefire/surefirebooter-20240213085314238_3.jar"/>
    <property name="sun.management.compiler" value="HotSpot 64-Bit Tiered Compilers"/>
    <property name="java.runtime.version" value="11.0.21+9-post-Ubuntu-0ubuntu122.04"/>
    <property name="user.name" value="pyke"/>
    <property name="path.separator" value=":"/>
    <property name="os.version" value="6.5.0-17-generic"/>
    <property name="java.runtime.name" value="OpenJDK Runtime Environment"/>
    <property name="file.encoding" value="UTF-8"/>
    <property name="jnidispatch.path" value="/home/pyke/.cache/JNA/temp/jna8358766511302455293.tmp"/>
    <property name="java.vm.name" value="OpenJDK 64-Bit Server VM"/>
    <property name="jna.platform.library.path" value="/usr/lib/x86_64-linux-gnu:/lib/x86_64-linux-gnu:/usr/lib64:/lib64:/usr/lib:/lib:/lib/i386-linux-gnu:/lib/i386-linux-gnu/sse2:/usr/lib/x86_64-linux-gnu/libfakeroot"/>
    <property name="mail.smtp.sendpartial" value="true"/>
    <property name="localRepository" value="/home/pyke/.m2/repository"/>
    <property name="jna.loaded" value="true"/>
    <property name="java.vendor.url.bug" value="https://bugs.launchpad.net/ubuntu/+source/openjdk-lts"/>
    <property name="jetty.git.hash" value="af15f12297adf5c5083e1f2f8f4c5974438bca25"/>
    <property name="java.io.tmpdir" value="/home/pyke/Documents/plugin_jenkins/demo-plugin/target/tmp"/>
    <property name="java.version" value="11.0.21"/>
    <property name="user.dir" value="/home/pyke/Documents/plugin_jenkins/demo-plugin"/>
    <property name="os.arch" value="amd64"/>
    <property name="jenkins.model.Jenkins.SHOW_STACK_TRACE" value="true"/>
    <property name="java.vm.specification.name" value="Java Virtual Machine Specification"/>
    <property name="java.awt.printerjob" value="sun.print.PSPrinterJob"/>
    <property name="sun.os.patch.level" value="unknown"/>
    <property name="java.library.path" value="/usr/java/packages/lib:/usr/lib/x86_64-linux-gnu/jni:/lib/x86_64-linux-gnu:/usr/lib/x86_64-linux-gnu:/usr/lib/jni:/lib:/usr/lib"/>
    <property name="java.vm.info" value="mixed mode"/>
    <property name="java.vendor" value="Ubuntu"/>
    <property name="java.vm.version" value="11.0.21+9-post-Ubuntu-0ubuntu122.04"/>
    <property name="java.specification.maintenance.version" value="2"/>
    <property name="sun.io.unicode.encoding" value="UnicodeLittle"/>
    <property name="java.class.version" value="55.0"/>
  </properties>
  <testcase name="" classname="org.jvnet.hudson.test.JellyTestSuiteBuilder$JellyCheck" time="0.144">
    <system-out><![CDATA[Running tests for io.jenkins.plugins:demo:1.0-SNAPSHOT
]]></system-out>
    <system-err><![CDATA[Feb 13, 2024 8:53:15 AM org.jvnet.hudson.test.WarExploder explode
INFO: Picking up existing exploded jenkins.war at /home/pyke/Documents/plugin_jenkins/demo-plugin/target/jenkins-for-test
Feb 13, 2024 8:53:15 AM org.eclipse.jetty.server.handler.ContextHandler setContextPath
WARNING: Empty contextPath
Feb 13, 2024 8:53:16 AM org.eclipse.jetty.server.Server doStart
INFO: jetty-10.0.17; built: 2023-10-09T18:22:21.150Z; git: af15f12297adf5c5083e1f2f8f4c5974438bca25; jvm 11.0.21+9-post-Ubuntu-0ubuntu122.04
Feb 13, 2024 8:53:16 AM org.eclipse.jetty.webapp.StandardDescriptorProcessor visitServlet
INFO: NO JSP Support for /, did not find org.eclipse.jetty.jsp.JettyJspServlet
Feb 13, 2024 8:53:16 AM org.eclipse.jetty.server.session.DefaultSessionIdManager doStart
INFO: Session workerName=node0
Feb 13, 2024 8:53:16 AM org.eclipse.jetty.server.handler.ContextHandler doStart
INFO: Started o.e.j.w.WebAppContext@6dd82486{Jenkins v2.387.3,/,file:///home/pyke/Documents/plugin_jenkins/demo-plugin/target/jenkins-for-test/,AVAILABLE}{/home/pyke/Documents/plugin_jenkins/demo-plugin/target/jenkins-for-test}
Feb 13, 2024 8:53:16 AM org.eclipse.jetty.server.AbstractConnector doStart
INFO: Started ServerConnector@73ba6fe6{HTTP/1.1, (http/1.1)}{localhost:41083}
Feb 13, 2024 8:53:16 AM org.eclipse.jetty.server.Server doStart
INFO: Started Server@2b8bd14b{STARTING}[10.0.17,sto=0] @1912ms
Feb 13, 2024 8:53:16 AM jenkins.InitReactorRunner$1 onAttained
INFO: Started initialization
Feb 13, 2024 8:53:16 AM hudson.PluginManager considerDetachedPlugin
INFO: Loading a detached plugin as a dependency: /home/pyke/Documents/plugin_jenkins/demo-plugin/target/tmp/jenkins10558891242492563847/plugins/javax-activation-api.jpi
Feb 13, 2024 8:53:17 AM hudson.PluginManager considerDetachedPlugin
INFO: Loading a detached plugin as a dependency: /home/pyke/Documents/plugin_jenkins/demo-plugin/target/tmp/jenkins10558891242492563847/plugins/javax-mail-api.jpi
Feb 13, 2024 8:53:17 AM jenkins.InitReactorRunner$1 onAttained
INFO: Listed all plugins
Feb 13, 2024 8:53:17 AM jenkins.bouncycastle.api.BouncyCastlePlugin start
INFO: /home/pyke/Documents/plugin_jenkins/demo-plugin/target/tmp/j h13186159676841995446/plugins/bouncycastle-api/WEB-INF/optional-lib not found; for non RealJenkinsRule this is fine and can be ignored.
Feb 13, 2024 8:53:19 AM jenkins.InitReactorRunner$1 onAttained
INFO: Prepared all plugins
Feb 13, 2024 8:53:19 AM jenkins.InitReactorRunner$1 onAttained
INFO: Started all plugins
Feb 13, 2024 8:53:19 AM jenkins.InitReactorRunner$1 onAttained
INFO: Augmented all extensions
Feb 13, 2024 8:53:20 AM jenkins.InitReactorRunner$1 onAttained
INFO: System config loaded
Feb 13, 2024 8:53:20 AM jenkins.InitReactorRunner$1 onAttained
INFO: System config adapted
Feb 13, 2024 8:53:20 AM jenkins.InitReactorRunner$1 onAttained
INFO: Loaded all jobs
Feb 13, 2024 8:53:20 AM jenkins.InitReactorRunner$1 onAttained
INFO: Configuration for all jobs updated
Feb 13, 2024 8:53:20 AM jenkins.InitReactorRunner$1 onAttained
INFO: Completed initialization
Feb 13, 2024 8:53:20 AM org.eclipse.jetty.server.Server doStart
INFO: jetty-10.0.17; built: 2023-10-09T18:22:21.150Z; git: af15f12297adf5c5083e1f2f8f4c5974438bca25; jvm 11.0.21+9-post-Ubuntu-0ubuntu122.04
Feb 13, 2024 8:53:20 AM org.eclipse.jetty.server.session.DefaultSessionIdManager doStart
INFO: Session workerName=node0
Feb 13, 2024 8:53:20 AM org.eclipse.jetty.server.handler.ContextHandler doStart
INFO: Started o.e.j.s.ServletContextHandler@7e446d92{/,null,AVAILABLE}
Feb 13, 2024 8:53:20 AM org.eclipse.jetty.server.AbstractConnector doStart
INFO: Started ServerConnector@6d5c2745{HTTP/1.1, (http/1.1)}{0.0.0.0:37947}
Feb 13, 2024 8:53:20 AM org.eclipse.jetty.server.Server doStart
INFO: Started Server@1947596f{STARTING}[10.0.17,sto=0] @6395ms
]]></system-err>
  </testcase>
  <testcase name="" classname="org.jvnet.hudson.test.JellyTestSuiteBuilder$JellyCheck" time="0.004"/>
  <testcase name="" classname="org.jvnet.hudson.test.JellyTestSuiteBuilder$JellyCheck" time="0.109"/>
  <testcase name="testCliSanity" classname="InjectedTest" time="0.013"/>
  <testcase name="testPluginActive" classname="InjectedTest" time="0.001"/>
  <testcase name="" classname="org.jvnet.hudson.test.junit.FailedTest" time="0.0">
    <system-err><![CDATA[Feb 13, 2024 8:53:22 AM org.eclipse.jetty.server.Server doStop
INFO: Stopped Server@2b8bd14b{STOPPING}[10.0.17,sto=0]
Feb 13, 2024 8:53:22 AM org.eclipse.jetty.server.AbstractConnector doStop
INFO: Stopped ServerConnector@73ba6fe6{HTTP/1.1, (http/1.1)}{localhost:0}
Feb 13, 2024 8:53:22 AM org.eclipse.jetty.server.handler.ContextHandler doStop
INFO: Stopped o.e.j.w.WebAppContext@6dd82486{Jenkins v2.387.3,/,file:///home/pyke/Documents/plugin_jenkins/demo-plugin/target/jenkins-for-test/,STOPPED}{/home/pyke/Documents/plugin_jenkins/demo-plugin/target/jenkins-for-test}
Feb 13, 2024 8:53:22 AM hudson.lifecycle.Lifecycle onStatusUpdate
INFO: Stopping Jenkins
Feb 13, 2024 8:53:22 AM hudson.lifecycle.Lifecycle onStatusUpdate
INFO: Jenkins stopped
Feb 13, 2024 8:53:23 AM org.jvnet.hudson.test.TemporaryDirectoryAllocator dispose
INFO: deleting /home/pyke/Documents/plugin_jenkins/demo-plugin/target/tmp/j h13186159676841995446
]]></system-err>
  </testcase>
  <testcase name="" classname="org.jvnet.hudson.test.PropertiesTestSuite$PropertiesTest" time="0.016"/>
  <testcase name="" classname="org.jvnet.hudson.test.PropertiesTestSuite$PropertiesTest" time="0.0"/>
  <testcase name="" classname="org.jvnet.hudson.test.PropertiesTestSuite$PropertiesTest" time="0.0"/>
  <testcase name="" classname="org.jvnet.hudson.test.PropertiesTestSuite$PropertiesTest" time="0.0"/>
  <testcase name="" classname="org.jvnet.hudson.test.PropertiesTestSuite$PropertiesTest" time="0.001"/>
  <testcase name="" classname="org.jvnet.hudson.test.PropertiesTestSuite$PropertiesTest" time="0.0"/>
  <testcase name="" classname="org.jvnet.hudson.test.PropertiesTestSuite$PropertiesTest" time="0.001"/>
  <testcase name="" classname="org.jvnet.hudson.test.PropertiesTestSuite$PropertiesTest" time="0.001"/>
  <testcase name="" classname="org.jvnet.hudson.test.PropertiesTestSuite$PropertiesTest" time="0.001"/>
  <testcase name="" classname="org.jvnet.hudson.test.PropertiesTestSuite$PropertiesTest" time="0.0"/>
  <testcase name="" classname="org.jvnet.hudson.test.PropertiesTestSuite$PropertiesTest" time="0.0"/>
</testsuite>